{
  "RSpec": {
    "coverage": {
      "/Users/matthewdevoe/turing/3module/assessments/alt-fuel-finder/app/helpers/application_helper.rb": [
        1,
        null
      ],
      "/Users/matthewdevoe/turing/3module/assessments/alt-fuel-finder/app/helpers/search_helper.rb": [
        1,
        null
      ],
      "/Users/matthewdevoe/turing/3module/assessments/alt-fuel-finder/app/controllers/welcome_controller.rb": [
        1,
        1,
        null,
        null,
        null
      ],
      "/Users/matthewdevoe/turing/3module/assessments/alt-fuel-finder/app/controllers/application_controller.rb": [
        1,
        null,
        null,
        1,
        null
      ],
      "/Users/matthewdevoe/turing/3module/assessments/alt-fuel-finder/app/controllers/search_controller.rb": [
        1,
        null,
        1,
        null,
        null,
        null,
        null
      ]
    },
    "timestamp": 1504106641
  }
}
